{"C:\\Users\\PARRA\\OneDrive\\Escritorio\\repositorio-loco\\src\\router.ts": {"path":"C:\\Users\\PARRA\\OneDrive\\Escritorio\\repositorio-loco\\src\\router.ts","statementMap":{"0":{"start":{"line":1,"column":0},"end":{"line":1,"column":32}},"1":{"start":{"line":2,"column":0},"end":{"line":2,"column":47}},"2":{"start":{"line":3,"column":0},"end":{"line":3,"column":130}},"3":{"start":{"line":4,"column":0},"end":{"line":4,"column":48}},"4":{"start":{"line":6,"column":15},"end":{"line":6,"column":23}},"5":{"start":{"line":9,"column":0},"end":{"line":9,"column":null}},"6":{"start":{"line":11,"column":0},"end":{"line":15,"column":null}},"7":{"start":{"line":17,"column":0},"end":{"line":27,"column":null}},"8":{"start":{"line":24,"column":25},"end":{"line":24,"column":34}},"9":{"start":{"line":29,"column":0},"end":{"line":41,"column":null}},"10":{"start":{"line":36,"column":25},"end":{"line":36,"column":34}},"11":{"start":{"line":43,"column":0},"end":{"line":47,"column":null}},"12":{"start":{"line":49,"column":0},"end":{"line":53,"column":null}},"13":{"start":{"line":55,"column":0},"end":{"line":55,"column":null}}},"fnMap":{"0":{"name":"(anonymous_0)","decl":{"start":{"line":24,"column":16},"end":{"line":24,"column":21}},"loc":{"start":{"line":24,"column":25},"end":{"line":24,"column":34}}},"1":{"name":"(anonymous_1)","decl":{"start":{"line":36,"column":16},"end":{"line":36,"column":21}},"loc":{"start":{"line":36,"column":25},"end":{"line":36,"column":34}}}},"branchMap":{},"s":{"0":2,"1":2,"2":2,"3":2,"4":2,"5":2,"6":2,"7":2,"8":4,"9":2,"10":5,"11":2,"12":2,"13":2},"f":{"0":4,"1":5},"b":{}}
,"C:\\Users\\PARRA\\OneDrive\\Escritorio\\repositorio-loco\\src\\server.ts": {"path":"C:\\Users\\PARRA\\OneDrive\\Escritorio\\repositorio-loco\\src\\server.ts","statementMap":{"0":{"start":{"line":7,"column":0},"end":{"line":7,"column":22}},"1":{"start":{"line":1,"column":0},"end":{"line":1,"column":31}},"2":{"start":{"line":2,"column":0},"end":{"line":2,"column":29}},"3":{"start":{"line":3,"column":0},"end":{"line":3,"column":28}},"4":{"start":{"line":4,"column":0},"end":{"line":4,"column":27}},"5":{"start":{"line":8,"column":4},"end":{"line":15,"column":5}},"6":{"start":{"line":9,"column":8},"end":{"line":9,"column":null}},"7":{"start":{"line":10,"column":4},"end":{"line":10,"column":null}},"8":{"start":{"line":13,"column":8},"end":{"line":13,"column":null}},"9":{"start":{"line":14,"column":8},"end":{"line":14,"column":null}},"10":{"start":{"line":18,"column":0},"end":{"line":18,"column":null}},"11":{"start":{"line":19,"column":15},"end":{"line":19,"column":24}},"12":{"start":{"line":20,"column":0},"end":{"line":20,"column":null}},"13":{"start":{"line":21,"column":0},"end":{"line":21,"column":null}},"14":{"start":{"line":23,"column":0},"end":{"line":25,"column":null}},"15":{"start":{"line":24,"column":4},"end":{"line":24,"column":null}},"16":{"start":{"line":27,"column":0},"end":{"line":27,"column":null}}},"fnMap":{"0":{"name":"connectDB","decl":{"start":{"line":7,"column":22},"end":{"line":7,"column":31}},"loc":{"start":{"line":7,"column":31},"end":{"line":16,"column":null}}},"1":{"name":"(anonymous_10)","decl":{"start":{"line":23,"column":19},"end":{"line":23,"column":20}},"loc":{"start":{"line":23,"column":31},"end":{"line":25,"column":1}}}},"branchMap":{},"s":{"0":2,"1":2,"2":2,"3":2,"4":2,"5":3,"6":3,"7":2,"8":1,"9":1,"10":2,"11":2,"12":2,"13":2,"14":2,"15":1,"16":2},"f":{"0":3,"1":1},"b":{}}
,"C:\\Users\\PARRA\\OneDrive\\Escritorio\\repositorio-loco\\src\\config\\db.ts": {"path":"C:\\Users\\PARRA\\OneDrive\\Escritorio\\repositorio-loco\\src\\config\\db.ts","statementMap":{"0":{"start":{"line":1,"column":1},"end":{"line":1,"column":28}},"1":{"start":{"line":2,"column":0},"end":{"line":2,"column":49}},"2":{"start":{"line":4,"column":0},"end":{"line":4,"column":null}},"3":{"start":{"line":7,"column":11},"end":{"line":10,"column":2}},"4":{"start":{"line":13,"column":0},"end":{"line":13,"column":null}}},"fnMap":{},"branchMap":{},"s":{"0":2,"1":2,"2":2,"3":2,"4":2},"f":{},"b":{}}
,"C:\\Users\\PARRA\\OneDrive\\Escritorio\\repositorio-loco\\src\\handlers\\products.ts": {"path":"C:\\Users\\PARRA\\OneDrive\\Escritorio\\repositorio-loco\\src\\handlers\\products.ts","statementMap":{"0":{"start":{"line":3,"column":0},"end":{"line":3,"column":45}},"1":{"start":{"line":5,"column":27},"end":{"line":14,"column":null}},"2":{"start":{"line":5,"column":85},"end":{"line":14,"column":null}},"3":{"start":{"line":6,"column":4},"end":{"line":13,"column":5}},"4":{"start":{"line":7,"column":25},"end":{"line":9,"column":10}},"5":{"start":{"line":10,"column":8},"end":{"line":10,"column":35}},"6":{"start":{"line":12,"column":8},"end":{"line":12,"column":null}},"7":{"start":{"line":5,"column":13},"end":{"line":5,"column":27}},"8":{"start":{"line":16,"column":30},"end":{"line":30,"column":null}},"9":{"start":{"line":16,"column":88},"end":{"line":30,"column":null}},"10":{"start":{"line":17,"column":4},"end":{"line":29,"column":5}},"11":{"start":{"line":18,"column":23},"end":{"line":18,"column":33}},"12":{"start":{"line":19,"column":24},"end":{"line":19,"column":50}},"13":{"start":{"line":21,"column":8},"end":{"line":24,"column":9}},"14":{"start":{"line":22,"column":12},"end":{"line":22,"column":70}},"15":{"start":{"line":23,"column":12},"end":{"line":23,"column":18}},"16":{"start":{"line":26,"column":8},"end":{"line":26,"column":34}},"17":{"start":{"line":28,"column":8},"end":{"line":28,"column":null}},"18":{"start":{"line":16,"column":13},"end":{"line":16,"column":30}},"19":{"start":{"line":32,"column":29},"end":{"line":39,"column":null}},"20":{"start":{"line":32,"column":87},"end":{"line":39,"column":null}},"21":{"start":{"line":33,"column":4},"end":{"line":38,"column":5}},"22":{"start":{"line":34,"column":24},"end":{"line":34,"column":54}},"23":{"start":{"line":35,"column":8},"end":{"line":35,"column":46}},"24":{"start":{"line":37,"column":8},"end":{"line":37,"column":null}},"25":{"start":{"line":32,"column":13},"end":{"line":32,"column":29}},"26":{"start":{"line":41,"column":29},"end":{"line":57,"column":null}},"27":{"start":{"line":41,"column":87},"end":{"line":57,"column":null}},"28":{"start":{"line":42,"column":4},"end":{"line":56,"column":5}},"29":{"start":{"line":43,"column":23},"end":{"line":43,"column":33}},"30":{"start":{"line":44,"column":24},"end":{"line":44,"column":50}},"31":{"start":{"line":46,"column":8},"end":{"line":49,"column":9}},"32":{"start":{"line":47,"column":12},"end":{"line":47,"column":70}},"33":{"start":{"line":48,"column":12},"end":{"line":48,"column":18}},"34":{"start":{"line":51,"column":8},"end":{"line":51,"column":null}},"35":{"start":{"line":52,"column":8},"end":{"line":52,"column":null}},"36":{"start":{"line":53,"column":8},"end":{"line":53,"column":34}},"37":{"start":{"line":55,"column":8},"end":{"line":55,"column":null}},"38":{"start":{"line":41,"column":13},"end":{"line":41,"column":29}},"39":{"start":{"line":59,"column":34},"end":{"line":75,"column":null}},"40":{"start":{"line":59,"column":92},"end":{"line":75,"column":null}},"41":{"start":{"line":60,"column":4},"end":{"line":74,"column":5}},"42":{"start":{"line":61,"column":23},"end":{"line":61,"column":33}},"43":{"start":{"line":62,"column":24},"end":{"line":62,"column":50}},"44":{"start":{"line":64,"column":8},"end":{"line":67,"column":9}},"45":{"start":{"line":65,"column":12},"end":{"line":65,"column":70}},"46":{"start":{"line":66,"column":12},"end":{"line":66,"column":18}},"47":{"start":{"line":69,"column":8},"end":{"line":69,"column":null}},"48":{"start":{"line":70,"column":8},"end":{"line":70,"column":null}},"49":{"start":{"line":71,"column":8},"end":{"line":71,"column":34}},"50":{"start":{"line":73,"column":8},"end":{"line":73,"column":null}},"51":{"start":{"line":59,"column":13},"end":{"line":59,"column":34}},"52":{"start":{"line":77,"column":29},"end":{"line":92,"column":null}},"53":{"start":{"line":77,"column":87},"end":{"line":92,"column":null}},"54":{"start":{"line":78,"column":4},"end":{"line":91,"column":5}},"55":{"start":{"line":79,"column":23},"end":{"line":79,"column":33}},"56":{"start":{"line":80,"column":24},"end":{"line":80,"column":50}},"57":{"start":{"line":82,"column":8},"end":{"line":85,"column":9}},"58":{"start":{"line":83,"column":12},"end":{"line":83,"column":70}},"59":{"start":{"line":84,"column":12},"end":{"line":84,"column":18}},"60":{"start":{"line":87,"column":8},"end":{"line":87,"column":null}},"61":{"start":{"line":88,"column":8},"end":{"line":88,"column":47}},"62":{"start":{"line":90,"column":8},"end":{"line":90,"column":null}},"63":{"start":{"line":77,"column":13},"end":{"line":77,"column":29}}},"fnMap":{"0":{"name":"(anonymous_8)","decl":{"start":{"line":5,"column":27},"end":{"line":5,"column":34}},"loc":{"start":{"line":5,"column":85},"end":{"line":14,"column":null}}},"1":{"name":"(anonymous_9)","decl":{"start":{"line":5,"column":85},"end":{"line":5,"column":null}},"loc":{"start":{"line":5,"column":85},"end":{"line":14,"column":1}}},"2":{"name":"(anonymous_10)","decl":{"start":{"line":16,"column":30},"end":{"line":16,"column":37}},"loc":{"start":{"line":16,"column":88},"end":{"line":30,"column":null}}},"3":{"name":"(anonymous_11)","decl":{"start":{"line":16,"column":88},"end":{"line":16,"column":null}},"loc":{"start":{"line":16,"column":88},"end":{"line":30,"column":1}}},"4":{"name":"(anonymous_12)","decl":{"start":{"line":32,"column":29},"end":{"line":32,"column":36}},"loc":{"start":{"line":32,"column":87},"end":{"line":39,"column":null}}},"5":{"name":"(anonymous_13)","decl":{"start":{"line":32,"column":87},"end":{"line":32,"column":null}},"loc":{"start":{"line":32,"column":87},"end":{"line":39,"column":1}}},"6":{"name":"(anonymous_14)","decl":{"start":{"line":41,"column":29},"end":{"line":41,"column":36}},"loc":{"start":{"line":41,"column":87},"end":{"line":57,"column":null}}},"7":{"name":"(anonymous_15)","decl":{"start":{"line":41,"column":87},"end":{"line":41,"column":null}},"loc":{"start":{"line":41,"column":87},"end":{"line":57,"column":1}}},"8":{"name":"(anonymous_16)","decl":{"start":{"line":59,"column":34},"end":{"line":59,"column":41}},"loc":{"start":{"line":59,"column":92},"end":{"line":75,"column":null}}},"9":{"name":"(anonymous_17)","decl":{"start":{"line":59,"column":92},"end":{"line":59,"column":null}},"loc":{"start":{"line":59,"column":92},"end":{"line":75,"column":1}}},"10":{"name":"(anonymous_18)","decl":{"start":{"line":77,"column":29},"end":{"line":77,"column":36}},"loc":{"start":{"line":77,"column":87},"end":{"line":92,"column":null}}},"11":{"name":"(anonymous_19)","decl":{"start":{"line":77,"column":87},"end":{"line":77,"column":null}},"loc":{"start":{"line":77,"column":87},"end":{"line":92,"column":1}}}},"branchMap":{"0":{"loc":{"start":{"line":21,"column":8},"end":{"line":24,"column":9}},"type":"if","locations":[{"start":{"line":21,"column":8},"end":{"line":24,"column":9}}]},"1":{"loc":{"start":{"line":46,"column":8},"end":{"line":49,"column":9}},"type":"if","locations":[{"start":{"line":46,"column":8},"end":{"line":49,"column":9}}]},"2":{"loc":{"start":{"line":64,"column":8},"end":{"line":67,"column":9}},"type":"if","locations":[{"start":{"line":64,"column":8},"end":{"line":67,"column":9}}]},"3":{"loc":{"start":{"line":82,"column":8},"end":{"line":85,"column":9}},"type":"if","locations":[{"start":{"line":82,"column":8},"end":{"line":85,"column":9}}]}},"s":{"0":2,"1":2,"2":2,"3":2,"4":2,"5":2,"6":0,"7":2,"8":2,"9":2,"10":2,"11":2,"12":2,"13":2,"14":1,"15":1,"16":1,"17":0,"18":2,"19":2,"20":1,"21":1,"22":1,"23":1,"24":0,"25":2,"26":2,"27":2,"28":2,"29":2,"30":2,"31":2,"32":1,"33":1,"34":1,"35":1,"36":1,"37":0,"38":2,"39":2,"40":2,"41":2,"42":2,"43":2,"44":2,"45":1,"46":1,"47":1,"48":1,"49":1,"50":0,"51":2,"52":2,"53":2,"54":2,"55":2,"56":2,"57":2,"58":1,"59":1,"60":1,"61":1,"62":0,"63":2},"f":{"0":2,"1":2,"2":2,"3":2,"4":1,"5":1,"6":2,"7":2,"8":2,"9":2,"10":2,"11":2},"b":{"0":[1],"1":[1],"2":[1],"3":[1]}}
,"C:\\Users\\PARRA\\OneDrive\\Escritorio\\repositorio-loco\\src\\middleware\\index.ts": {"path":"C:\\Users\\PARRA\\OneDrive\\Escritorio\\repositorio-loco\\src\\middleware\\index.ts","statementMap":{"0":{"start":{"line":2,"column":0},"end":{"line":2,"column":52}},"1":{"start":{"line":4,"column":33},"end":{"line":11,"column":1}},"2":{"start":{"line":5,"column":17},"end":{"line":5,"column":38}},"3":{"start":{"line":6,"column":4},"end":{"line":9,"column":5}},"4":{"start":{"line":7,"column":9},"end":{"line":7,"column":null}},"5":{"start":{"line":8,"column":9},"end":{"line":8,"column":16}},"6":{"start":{"line":10,"column":4},"end":{"line":10,"column":null}},"7":{"start":{"line":4,"column":13},"end":{"line":4,"column":33}}},"fnMap":{"0":{"name":"(anonymous_0)","decl":{"start":{"line":4,"column":33},"end":{"line":4,"column":34}},"loc":{"start":{"line":4,"column":85},"end":{"line":11,"column":1}}}},"branchMap":{"0":{"loc":{"start":{"line":6,"column":4},"end":{"line":9,"column":5}},"type":"if","locations":[{"start":{"line":6,"column":4},"end":{"line":9,"column":5}}]}},"s":{"0":2,"1":2,"2":17,"3":17,"4":8,"5":8,"6":9,"7":2},"f":{"0":17},"b":{"0":[8]}}
,"C:\\Users\\PARRA\\OneDrive\\Escritorio\\repositorio-loco\\src\\models\\Product.model.ts": {"path":"C:\\Users\\PARRA\\OneDrive\\Escritorio\\repositorio-loco\\src\\models\\Product.model.ts","statementMap":{"0":{"start":{"line":1,"column":0},"end":{"line":1,"column":77}},"1":{"start":{"line":6,"column":15},"end":{"line":21,"column":null}},"2":{"start":{"line":10,"column":4},"end":{"line":10,"column":null}},"3":{"start":{"line":15,"column":4},"end":{"line":15,"column":null}},"4":{"start":{"line":20,"column":4},"end":{"line":20,"column":null}},"5":{"start":{"line":6,"column":21},"end":{"line":21,"column":null}},"6":{"start":{"line":6,"column":21},"end":{"line":6,"column":30}}},"fnMap":{},"branchMap":{},"s":{"0":3,"1":3,"2":3,"3":3,"4":3,"5":3,"6":3},"f":{},"b":{}}
}
