TN:
SF:src\router.ts
FN:24,(anonymous_0)
FN:36,(anonymous_1)
FNF:2
FNH:2
FNDA:4,(anonymous_0)
FNDA:5,(anonymous_1)
DA:1,2
DA:2,2
DA:3,2
DA:4,2
DA:6,2
DA:9,2
DA:11,2
DA:17,2
DA:24,4
DA:29,2
DA:36,5
DA:43,2
DA:49,2
DA:55,2
LF:14
LH:14
BRF:0
BRH:0
end_of_record
TN:
SF:src\server.ts
FN:7,connectDB
FN:23,(anonymous_10)
FNF:2
FNH:2
FNDA:3,connectDB
FNDA:1,(anonymous_10)
DA:1,2
DA:2,2
DA:3,2
DA:4,2
DA:7,2
DA:8,3
DA:9,3
DA:10,2
DA:13,1
DA:14,1
DA:18,2
DA:19,2
DA:20,2
DA:21,2
DA:23,2
DA:24,1
DA:27,2
LF:17
LH:17
BRF:0
BRH:0
end_of_record
TN:
SF:src\config\db.ts
FNF:0
FNH:0
DA:1,2
DA:2,2
DA:4,2
DA:7,2
DA:13,2
LF:5
LH:5
BRF:0
BRH:0
end_of_record
TN:
SF:src\handlers\products.ts
FN:5,(anonymous_8)
FN:5,(anonymous_9)
FN:16,(anonymous_10)
FN:16,(anonymous_11)
FN:32,(anonymous_12)
FN:32,(anonymous_13)
FN:41,(anonymous_14)
FN:41,(anonymous_15)
FN:59,(anonymous_16)
FN:59,(anonymous_17)
FN:77,(anonymous_18)
FN:77,(anonymous_19)
FNF:12
FNH:12
FNDA:2,(anonymous_8)
FNDA:2,(anonymous_9)
FNDA:2,(anonymous_10)
FNDA:2,(anonymous_11)
FNDA:1,(anonymous_12)
FNDA:1,(anonymous_13)
FNDA:2,(anonymous_14)
FNDA:2,(anonymous_15)
FNDA:2,(anonymous_16)
FNDA:2,(anonymous_17)
FNDA:2,(anonymous_18)
FNDA:2,(anonymous_19)
DA:3,2
DA:5,2
DA:6,2
DA:7,2
DA:10,2
DA:12,0
DA:16,2
DA:17,2
DA:18,2
DA:19,2
DA:21,2
DA:22,1
DA:23,1
DA:26,1
DA:28,0
DA:32,2
DA:33,1
DA:34,1
DA:35,1
DA:37,0
DA:41,2
DA:42,2
DA:43,2
DA:44,2
DA:46,2
DA:47,1
DA:48,1
DA:51,1
DA:52,1
DA:53,1
DA:55,0
DA:59,2
DA:60,2
DA:61,2
DA:62,2
DA:64,2
DA:65,1
DA:66,1
DA:69,1
DA:70,1
DA:71,1
DA:73,0
DA:77,2
DA:78,2
DA:79,2
DA:80,2
DA:82,2
DA:83,1
DA:84,1
DA:87,1
DA:88,1
DA:90,0
LF:52
LH:46
BRDA:21,0,0,1
BRDA:46,1,0,1
BRDA:64,2,0,1
BRDA:82,3,0,1
BRF:4
BRH:4
end_of_record
TN:
SF:src\middleware\index.ts
FN:4,(anonymous_0)
FNF:1
FNH:1
FNDA:17,(anonymous_0)
DA:2,2
DA:4,2
DA:5,17
DA:6,17
DA:7,8
DA:8,8
DA:10,9
LF:7
LH:7
BRDA:6,0,0,8
BRF:1
BRH:1
end_of_record
TN:
SF:src\models\Product.model.ts
FNF:0
FNH:0
DA:1,3
DA:6,3
DA:10,3
DA:15,3
DA:20,3
LF:5
LH:5
BRF:0
BRH:0
end_of_record
